{"C:\\Users\\mathi\\Documents\\GitHub\\Kata_Bingo\\src\\template.js": {"path":"C:\\Users\\mathi\\Documents\\GitHub\\Kata_Bingo\\src\\template.js","statementMap":{"0":{"start":{"line":2,"column":4},"end":{"line":2,"column":50}},"1":{"start":{"line":3,"column":4},"end":{"line":3,"column":47}},"2":{"start":{"line":6,"column":0},"end":{"line":6,"column":38}}},"fnMap":{"0":{"name":"checkIfNumberIsOnCard","decl":{"start":{"line":1,"column":9},"end":{"line":1,"column":30}},"loc":{"start":{"line":1,"column":45},"end":{"line":4,"column":1}},"line":1}},"branchMap":{},"s":{"0":2,"1":2,"2":1},"f":{"0":2},"b":{},"_coverageSchema":"1a1c01bbd47fc00a2c39e90264f33305004495a9","hash":"cd3b9bc7c24ae5f2bb9c9192e25c39b50a034b15"}
}
